Application started
Path values :
/home/sdethyre/.local/bin:/home/sdethyre/bin:/usr/local/sbin:/usr/local/bin:/usr/sbin:/usr/bin:/sbin:/bin:/usr/games:/usr/local/games:/snap/bin:/snap/binApplication started
Path values :
/home/sdethyre/.local/bin:/home/sdethyre/bin:/usr/local/sbin:/usr/local/bin:/usr/sbin:/usr/bin:/sbin:/bin:/usr/games:/usr/local/games:/snap/bin:/snap/biApplication started
Path values :
/home/sdethyre/.local/bin:/home/sdethyre/bin:/usr/local/sbin:/usr/local/bin:/usr/sbin:/usr/bin:/sbin:/bin:/usr/games:/usr/local/games:/snap/bin:/snap/binApplication started
Path values :
/home/sdethyre/.local/bin:/home/sdethyre/bin:/usr/local/sbin:/usr/local/bin:/usr/sbin:/usr/bin:/sbin:/bin:/usr/games:/usr/local/games:/snap/bin:/snap/binApplication started
Path values :
/home/sdethyre/.local/bin:/home/sdethyre/bin:/usr/local/sbin:/usr/local/bin:/usr/sbin:/usr/bin:/sbin:/bin:/usr/games:/usr/local/games:/snap/bin:/snap/binApplication started
Path values :
/home/sdethyre/.local/bin:/home/sdethyre/bin:/usr/local/sbin:/usr/local/bin:/usr/sbin:/usr/bin:/sbin:/bin:/usr/games:/usr/local/games:/snap/bin:/snap/binApplication started
Path values :
/home/sdethyre/.local/bin:/home/sdethyre/bin:/usr/local/sbin:/usr/local/bin:/usr/sbin:/usr/bin:/sbin:/bin:/usr/games:/usr/local/games:/snap/bin:/snap/binApplication started
Path values :
/home/sdethyre/.local/bin:/home/sdethyre/bin:/usr/local/sbin:/usr/local/bin:/usr/sbin:/usr/bin:/sbin:/bin:/usr/games:/usr/local/games:/snap/bin:/snap/binApplication started
Path values :
/home/sdethyre/.local/bin:/home/sdethyre/bin:/usr/local/sbin:/usr/local/bin:/usr/sbin:/usr/bin:/sbin:/bin:/usr/games:/usr/local/games:/snap/bin:/snap/binApplication started
Path values :
/home/sdethyre/.local/bin:/home/sdethyre/bin:/usr/local/sbin:/usr/local/bin:/usr/sbin:/usr/bin:/sbin:/bin:/usr/games:/usr/local/games:/snap/bin:/snap/binApplication started
Path values :
/home/sdethyre/.local/bin:/home/sdethyre/bin:/usr/local/sbin:/usr/local/bin:/usr/sbin:/usr/bin:/sbin:/bin:/usr/games:/usr/local/games:/snap/bin:/snap/binApplication started
Path values :
/home/sdethyre/.local/bin:/home/sdethyre/bin:/usr/local/sbin:/usr/local/bin:/usr/sbin:/usr/bin:/sbin:/bin:/usr/games:/usr/local/games:/snap/bin:/snap/binApplication started
Path values :
/home/sdethyre/.local/bin:/home/sdethyre/bin:/usr/local/sbin:/usr/local/bin:/usr/sbin:/usr/bin:/sbin:/bin:/usr/games:/usr/local/games:/snap/bin:/snap/binApplication started
6536465364653646536165307653616530765361653076536165361653616536165307653616530765361653076536165364653646536165307653616530765361653076536165307Application started
Path values :
:0Application started
Path values :
:0Application started
Path values :
:0Application started
Path values :
:0